#-----------------------------------------------------------
# Vivado v2015.4 (64-bit)
# SW Build 1412921 on Wed Nov 18 09:43:45 MST 2015
# IP Build 1412160 on Tue Nov 17 13:47:24 MST 2015
# Start of session at: Tue Nov 26 23:00:45 2019
# Process ID: 129584
# Current directory: D:/Xilinx/Projects/4.19
# Command line: vivado.exe -gui_launcher_event rodinguilauncherevent129364 D:\Xilinx\Projects\4.19\4.19.xpr
# Log file: D:/Xilinx/Projects/4.19/vivado.log
# Journal file: D:/Xilinx/Projects/4.19\vivado.jou
#-----------------------------------------------------------
start_gui
open_project D:/Xilinx/Projects/4.19/4.19.xpr
Scanning sources...
Finished scanning sources
INFO: [IP_Flow 19-234] Refreshing IP repositories
INFO: [IP_Flow 19-1704] No user IP repositories specified
INFO: [IP_Flow 19-2313] Loaded Vivado IP repository 'C:/Xilinx/Vivado/2015.4/data/ip'.
exit
INFO: [Common 17-206] Exiting Vivado at Tue Nov 26 23:07:11 2019...
