#-----------------------------------------------------------
# Vivado v2015.4 (64-bit)
# SW Build 1412921 on Wed Nov 18 09:43:45 MST 2015
# IP Build 1412160 on Tue Nov 17 13:47:24 MST 2015
# Start of session at: Tue Jul 02 16:33:36 2019
# Process ID: 14724
# Current directory: C:/Users/jasha/OneDrive/source/第3学期/数字逻辑/ex6.2_DigitalClock
# Command line: vivado.exe -gui_launcher_event rodinguilauncherevent13156 C:\Users\jasha\OneDrive\source\第3学期\数字逻辑\ex6.2_DigitalClock\ex6.2_DigitalClock.xpr
# Log file: C:/Users/jasha/OneDrive/source/第3学期/数字逻辑/ex6.2_DigitalClock/vivado.log
# Journal file: C:/Users/jasha/OneDrive/source/第3学期/数字逻辑/ex6.2_DigitalClock\vivado.jou
#-----------------------------------------------------------
start_gui
open_project C:/Users/jasha/OneDrive/source/第3学期/数字逻辑/ex6.2_DigitalClock/ex6.2_DigitalClock.xpr
Scanning sources...
Finished scanning sources
INFO: [IP_Flow 19-234] Refreshing IP repositories
INFO: [IP_Flow 19-1704] No user IP repositories specified
INFO: [IP_Flow 19-2313] Loaded Vivado IP repository 'C:/Xilinx/Vivado/2015.4/data/ip'.
open_project: Time (s): cpu = 00:00:15 ; elapsed = 00:00:08 . Memory (MB): peak = 703.387 ; gain = 104.051
exit
INFO: [Common 17-206] Exiting Vivado at Tue Jul 02 16:35:03 2019...
