#-----------------------------------------------------------
# Vivado v2015.4 (64-bit)
# SW Build 1412921 on Wed Nov 18 09:43:45 MST 2015
# IP Build 1412160 on Tue Nov 17 13:47:24 MST 2015
# Start of session at: Tue Jul 02 11:05:11 2019
# Process ID: 260304
# Current directory: C:/Users/jasha/OneDrive/source/第3学期/数字逻辑/Example_DigitalClock
# Command line: vivado.exe -gui_launcher_event rodinguilauncherevent265560 C:\Users\jasha\OneDrive\source\第3学期\数字逻辑\Example_DigitalClock\Example_DigitalClock.xpr
# Log file: C:/Users/jasha/OneDrive/source/第3学期/数字逻辑/Example_DigitalClock/vivado.log
# Journal file: C:/Users/jasha/OneDrive/source/第3学期/数字逻辑/Example_DigitalClock\vivado.jou
#-----------------------------------------------------------
start_gui
open_project C:/Users/jasha/OneDrive/source/第3学期/数字逻辑/Example_DigitalClock/Example_DigitalClock.xpr
INFO: [Project 1-313] Project file moved from 'D:/Xilinx/Example_DigitalClock' since last save.
Scanning sources...
Finished scanning sources
WARNING: [Project 1-509] GeneratedRun file for 'synth_1' not found
WARNING: [Project 1-509] GeneratedRun file for 'impl_1' not found
INFO: [IP_Flow 19-234] Refreshing IP repositories
INFO: [IP_Flow 19-1704] No user IP repositories specified
INFO: [IP_Flow 19-2313] Loaded Vivado IP repository 'C:/Xilinx/Vivado/2015.4/data/ip'.
open_project: Time (s): cpu = 00:00:17 ; elapsed = 00:00:07 . Memory (MB): peak = 716.180 ; gain = 127.035
exit
INFO: [Common 17-206] Exiting Vivado at Tue Jul 02 11:07:07 2019...
