#-----------------------------------------------------------
# Vivado v2015.4 (64-bit)
# SW Build 1412921 on Wed Nov 18 09:43:45 MST 2015
# IP Build 1412160 on Tue Nov 17 13:47:24 MST 2015
# Start of session at: Tue Jul 02 10:59:38 2019
# Process ID: 33936
# Current directory: C:/Users/jasha/OneDrive/source/第3学期/数字逻辑/example_10.26
# Command line: vivado.exe -gui_launcher_event rodinguilauncherevent30316 C:\Users\jasha\OneDrive\source\第3学期\数字逻辑\example_10.26\example_10.26.xpr
# Log file: C:/Users/jasha/OneDrive/source/第3学期/数字逻辑/example_10.26/vivado.log
# Journal file: C:/Users/jasha/OneDrive/source/第3学期/数字逻辑/example_10.26\vivado.jou
#-----------------------------------------------------------
start_gui
open_project C:/Users/jasha/OneDrive/source/第3学期/数字逻辑/example_10.26/example_10.26.xpr
INFO: [Project 1-313] Project file moved from 'D:/Xilinx/example_10.26' since last save.
Scanning sources...
Finished scanning sources
WARNING: [Project 1-509] GeneratedRun file for 'synth_1' not found
WARNING: [Project 1-509] GeneratedRun file for 'impl_1' not found
INFO: [IP_Flow 19-234] Refreshing IP repositories
INFO: [IP_Flow 19-1704] No user IP repositories specified
INFO: [IP_Flow 19-2313] Loaded Vivado IP repository 'C:/Xilinx/Vivado/2015.4/data/ip'.
open_project: Time (s): cpu = 00:00:19 ; elapsed = 00:00:08 . Memory (MB): peak = 718.957 ; gain = 116.242
exit
INFO: [Common 17-206] Exiting Vivado at Tue Jul 02 11:00:23 2019...
