#-----------------------------------------------------------
# Vivado v2015.4 (64-bit)
# SW Build 1412921 on Wed Nov 18 09:43:45 MST 2015
# IP Build 1412160 on Tue Nov 17 13:47:24 MST 2015
# Start of session at: Sat Jul 06 21:09:41 2019
# Process ID: 167896
# Current directory: C:/Users/jasha/OneDrive/source/第3学期/数字逻辑/ex1_1_11.2
# Command line: vivado.exe -gui_launcher_event rodinguilauncherevent170320 C:\Users\jasha\OneDrive\source\第3学期\数字逻辑\ex1_1_11.2\ex1_1_11.2.xpr
# Log file: C:/Users/jasha/OneDrive/source/第3学期/数字逻辑/ex1_1_11.2/vivado.log
# Journal file: C:/Users/jasha/OneDrive/source/第3学期/数字逻辑/ex1_1_11.2\vivado.jou
#-----------------------------------------------------------
start_gui
open_project C:/Users/jasha/OneDrive/source/第3学期/数字逻辑/ex1_1_11.2/ex1_1_11.2.xpr
Scanning sources...
Finished scanning sources
INFO: [IP_Flow 19-234] Refreshing IP repositories
INFO: [IP_Flow 19-1704] No user IP repositories specified
INFO: [IP_Flow 19-2313] Loaded Vivado IP repository 'C:/Xilinx/Vivado/2015.4/data/ip'.
open_project: Time (s): cpu = 00:00:16 ; elapsed = 00:00:09 . Memory (MB): peak = 718.508 ; gain = 115.113
exit
INFO: [Common 17-206] Exiting Vivado at Sat Jul 06 21:10:19 2019...
