#-----------------------------------------------------------
# Vivado v2015.4 (64-bit)
# SW Build 1412921 on Wed Nov 18 09:43:45 MST 2015
# IP Build 1412160 on Tue Nov 17 13:47:24 MST 2015
# Start of session at: Tue Jul 02 10:21:13 2019
# Process ID: 224532
# Current directory: C:/Users/jasha/OneDrive/source/第3学期/数字逻辑/ex1_2_11.2
# Command line: vivado.exe -gui_launcher_event rodinguilauncherevent241320 C:\Users\jasha\OneDrive\source\第3学期\数字逻辑\ex1_2_11.2\ex1_2_11.2.xpr
# Log file: C:/Users/jasha/OneDrive/source/第3学期/数字逻辑/ex1_2_11.2/vivado.log
# Journal file: C:/Users/jasha/OneDrive/source/第3学期/数字逻辑/ex1_2_11.2\vivado.jou
#-----------------------------------------------------------
start_gui
open_project C:/Users/jasha/OneDrive/source/第3学期/数字逻辑/ex1_2_11.2/ex1_2_11.2.xpr
INFO: [Project 1-313] Project file moved from 'D:/Xilinx/ex1_2_11.2' since last save.
Scanning sources...
Finished scanning sources
WARNING: [Project 1-509] GeneratedRun file for 'synth_1' not found
WARNING: [Project 1-509] GeneratedRun file for 'impl_1' not found
INFO: [IP_Flow 19-234] Refreshing IP repositories
INFO: [IP_Flow 19-1704] No user IP repositories specified
INFO: [IP_Flow 19-2313] Loaded Vivado IP repository 'C:/Xilinx/Vivado/2015.4/data/ip'.
open_project: Time (s): cpu = 00:00:16 ; elapsed = 00:00:07 . Memory (MB): peak = 737.449 ; gain = 121.609
exit
INFO: [Common 17-206] Exiting Vivado at Tue Jul 02 10:24:35 2019...
